buildq/Qt_6_4_2/Android/Clang/arm64_v8a/Release/android-build/build/intermediates/manifest_merge_blame_file/release/manifest-merger-blame-release-report.txt
1<?xml version="1.0" encoding="utf-8"?>
2<manifest xmlns:android="http://schemas.android.com/apk/res/android"
3    package="org.qtproject.example.FirstYear"
4    android:installLocation="auto"
5    android:versionCode="1"
6    android:versionName="1.0" >
7
8    <uses-sdk
9        android:minSdkVersion="23"
9-->Release/android-build/AndroidManifest.xml
10        android:targetSdkVersion="30" />
10-->Release/android-build/AndroidManifest.xml
11
12    <uses-permission android:name="android.permission.INTERNET" />
12-->Release/android-build/AndroidManifest.xml:7:5-67
12-->Release/android-build/AndroidManifest.xml:7:22-64
13    <uses-permission android:name="android.permission.WRITE_EXTERNAL_STORAGE" />
13-->Release/android-build/AndroidManifest.xml:8:5-81
13-->Release/android-build/AndroidManifest.xml:8:22-78
14
15    <supports-screens
15-->Release/android-build/AndroidManifest.xml:10:5-14:39
16        android:anyDensity="true"
16-->Release/android-build/AndroidManifest.xml:11:9-34
17        android:largeScreens="true"
17-->Release/android-build/AndroidManifest.xml:12:9-36
18        android:normalScreens="true"
18-->Release/android-build/AndroidManifest.xml:13:9-37
19        android:smallScreens="true" />
19-->Release/android-build/AndroidManifest.xml:14:9-36
20
21    <application
21-->Release/android-build/AndroidManifest.xml:15:5-47:19
22        android:name="org.qtproject.qt.android.bindings.QtApplication"
22-->Release/android-build/AndroidManifest.xml:16:9-71
23        android:allowBackup="true"
23-->Release/android-build/AndroidManifest.xml:21:9-35
24        android:allowNativeHeapPointerTagging="false"
24-->Release/android-build/AndroidManifest.xml:20:9-54
25        android:fullBackupOnly="false"
25-->Release/android-build/AndroidManifest.xml:22:9-39
26        android:hardwareAccelerated="true"
26-->Release/android-build/AndroidManifest.xml:17:9-43
27        android:label="FirstYear"
27-->Release/android-build/AndroidManifest.xml:18:9-34
28        android:requestLegacyExternalStorage="true" >
28-->Release/android-build/AndroidManifest.xml:19:9-52
29        <activity
29-->Release/android-build/AndroidManifest.xml:23:9-46:20
30            android:name="org.qtproject.qt.android.bindings.QtActivity"
30-->Release/android-build/AndroidManifest.xml:24:13-72
31            android:configChanges="orientation|uiMode|screenLayout|screenSize|smallestScreenSize|layoutDirection|locale|fontScale|keyboard|keyboardHidden|navigation|mcc|mnc|density"
31-->Release/android-build/AndroidManifest.xml:25:13-182
32            android:exported="true"
32-->Release/android-build/AndroidManifest.xml:29:13-36
33            android:label="FirstYear"
33-->Release/android-build/AndroidManifest.xml:26:13-38
34            android:launchMode="singleTop"
34-->Release/android-build/AndroidManifest.xml:27:13-43
35            android:screenOrientation="unspecified" >
35-->Release/android-build/AndroidManifest.xml:28:13-52
36            <intent-filter>
36-->Release/android-build/AndroidManifest.xml:30:13-33:29
37                <action android:name="android.intent.action.MAIN" />
37-->Release/android-build/AndroidManifest.xml:31:17-69
37-->Release/android-build/AndroidManifest.xml:31:25-66
38
39                <category android:name="android.intent.category.LAUNCHER" />
39-->Release/android-build/AndroidManifest.xml:32:17-77
39-->Release/android-build/AndroidManifest.xml:32:27-74
40            </intent-filter>
41
42            <meta-data
42-->Release/android-build/AndroidManifest.xml:35:11-37:45
43                android:name="android.app.lib_name"
43-->Release/android-build/AndroidManifest.xml:36:17-52
44                android:value="FirstYear" />
44-->Release/android-build/AndroidManifest.xml:37:17-42
45            <meta-data
45-->Release/android-build/AndroidManifest.xml:39:11-41:36
46                android:name="android.app.arguments"
46-->Release/android-build/AndroidManifest.xml:40:17-53
47                android:value="" />
47-->Release/android-build/AndroidManifest.xml:41:17-33
48            <meta-data
48-->Release/android-build/AndroidManifest.xml:43:13-45:43
49                android:name="android.app.extract_android_style"
49-->Release/android-build/AndroidManifest.xml:44:17-65
50                android:value="minimal" />
50-->Release/android-build/AndroidManifest.xml:45:17-40
51        </activity>
52    </application>
53
54</manifest>